This is pdfTeX, Version 3.1415926-2.5-1.40.14 (TeX Live 2013) (format=pdflatex 2013.5.30)  9 MAY 2014 12:51
entering extended mode
 restricted \write18 enabled.
 file:line:error style messages enabled.
 %&-line parsing enabled.
**HW4_High_Resolution_shock_capturing_methods.tex
(./HW4_High_Resolution_shock_capturing_methods.tex
LaTeX2e <2011/06/27>
Babel <3.9f> and hyphenation patterns for 78 languages loaded.
(/usr/local/texlive/2013/texmf-dist/tex/latex/base/article.cls
Document Class: article 2007/10/19 v1.4h Standard LaTeX document class
(/usr/local/texlive/2013/texmf-dist/tex/latex/base/size10.clo
File: size10.clo 2007/10/19 v1.4h Standard LaTeX file (size option)
)
\c@part=\count79
\c@section=\count80
\c@subsection=\count81
\c@subsubsection=\count82
\c@paragraph=\count83
\c@subparagraph=\count84
\c@figure=\count85
\c@table=\count86
\abovecaptionskip=\skip41
\belowcaptionskip=\skip42
\bibindent=\dimen102
)
(/usr/local/texlive/2013/texmf-dist/tex/latex/booktabs/booktabs.sty
Package: booktabs 2005/04/14 v1.61803 publication quality tables
\heavyrulewidth=\dimen103
\lightrulewidth=\dimen104
\cmidrulewidth=\dimen105
\belowrulesep=\dimen106
\belowbottomsep=\dimen107
\aboverulesep=\dimen108
\abovetopsep=\dimen109
\cmidrulesep=\dimen110
\cmidrulekern=\dimen111
\defaultaddspace=\dimen112
\@cmidla=\count87
\@cmidlb=\count88
\@aboverulesep=\dimen113
\@belowrulesep=\dimen114
\@thisruleclass=\count89
\@lastruleclass=\count90
\@thisrulewidth=\dimen115
)
(/usr/local/texlive/2013/texmf-dist/tex/latex/amsmath/amsmath.sty
Package: amsmath 2013/01/14 v2.14 AMS math features
\@mathmargin=\skip43

For additional information on amsmath, use the `?' option.
(/usr/local/texlive/2013/texmf-dist/tex/latex/amsmath/amstext.sty
Package: amstext 2000/06/29 v2.01

(/usr/local/texlive/2013/texmf-dist/tex/latex/amsmath/amsgen.sty
File: amsgen.sty 1999/11/30 v2.0
\@emptytoks=\toks14
\ex@=\dimen116
))
(/usr/local/texlive/2013/texmf-dist/tex/latex/amsmath/amsbsy.sty
Package: amsbsy 1999/11/29 v1.2d
\pmbraise@=\dimen117
)
(/usr/local/texlive/2013/texmf-dist/tex/latex/amsmath/amsopn.sty
Package: amsopn 1999/12/14 v2.01 operator names
)
\inf@bad=\count91
LaTeX Info: Redefining \frac on input line 210.
\uproot@=\count92
\leftroot@=\count93
LaTeX Info: Redefining \overline on input line 306.
\classnum@=\count94
\DOTSCASE@=\count95
LaTeX Info: Redefining \ldots on input line 378.
LaTeX Info: Redefining \dots on input line 381.
LaTeX Info: Redefining \cdots on input line 466.
\Mathstrutbox@=\box26
\strutbox@=\box27
\big@size=\dimen118
LaTeX Font Info:    Redeclaring font encoding OML on input line 566.
LaTeX Font Info:    Redeclaring font encoding OMS on input line 567.
\macc@depth=\count96
\c@MaxMatrixCols=\count97
\dotsspace@=\muskip10
\c@parentequation=\count98
\dspbrk@lvl=\count99
\tag@help=\toks15
\row@=\count100
\column@=\count101
\maxfields@=\count102
\andhelp@=\toks16
\eqnshift@=\dimen119
\alignsep@=\dimen120
\tagshift@=\dimen121
\tagwidth@=\dimen122
\totwidth@=\dimen123
\lineht@=\dimen124
\@envbody=\toks17
\multlinegap=\skip44
\multlinetaggap=\skip45
\mathdisplay@stack=\toks18
LaTeX Info: Redefining \[ on input line 2665.
LaTeX Info: Redefining \] on input line 2666.
)
(/usr/local/texlive/2013/texmf-dist/tex/latex/multirow/multirow.sty
\bigstrutjot=\dimen125
)
(/usr/local/texlive/2013/texmf-dist/tex/latex/mh/mathtools.sty
Package: mathtools 2013/02/12 v1.13 mathematical typesetting tools

(/usr/local/texlive/2013/texmf-dist/tex/latex/graphics/keyval.sty
Package: keyval 1999/03/16 v1.13 key=value parser (DPC)
\KV@toks@=\toks19
)
(/usr/local/texlive/2013/texmf-dist/tex/latex/tools/calc.sty
Package: calc 2007/08/22 v4.3 Infix arithmetic (KKT,FJ)
\calc@Acount=\count103
\calc@Bcount=\count104
\calc@Adimen=\dimen126
\calc@Bdimen=\dimen127
\calc@Askip=\skip46
\calc@Bskip=\skip47
LaTeX Info: Redefining \setlength on input line 76.
LaTeX Info: Redefining \addtolength on input line 77.
\calc@Ccount=\count105
\calc@Cskip=\skip48
)
(/usr/local/texlive/2013/texmf-dist/tex/latex/mh/mhsetup.sty
Package: mhsetup 2010/01/21 v1.2a programming setup (MH)
)
LaTeX Info: Thecontrolsequence`\['isalreadyrobust on input line 129.
LaTeX Info: Thecontrolsequence`\]'isalreadyrobust on input line 129.
\g_MT_multlinerow_int=\count106
\l_MT_multwidth_dim=\dimen128
\origjot=\skip49
\l_MT_shortvdotswithinadjustabove_dim=\dimen129
\l_MT_shortvdotswithinadjustbelow_dim=\dimen130
\l_MT_above_intertext_sep=\dimen131
\l_MT_below_intertext_sep=\dimen132
\l_MT_above_shortintertext_sep=\dimen133
\l_MT_below_shortintertext_sep=\dimen134
)
(/usr/local/texlive/2013/texmf-dist/tex/latex/preprint/fullpage.sty
Package: fullpage 1999/02/23 1.1 (PWD)
\FP@margin=\skip50
)
(/usr/local/texlive/2013/texmf-dist/tex/latex/graphics/graphicx.sty
Package: graphicx 1999/02/16 v1.0f Enhanced LaTeX Graphics (DPC,SPQR)

(/usr/local/texlive/2013/texmf-dist/tex/latex/graphics/graphics.sty
Package: graphics 2009/02/05 v1.0o Standard LaTeX Graphics (DPC,SPQR)

(/usr/local/texlive/2013/texmf-dist/tex/latex/graphics/trig.sty
Package: trig 1999/03/16 v1.09 sin cos tan (DPC)
)
(/usr/local/texlive/2013/texmf-dist/tex/latex/latexconfig/graphics.cfg
File: graphics.cfg 2010/04/23 v1.9 graphics configuration of TeX Live
)
Package graphics Info: Driver file: pdftex.def on input line 91.

(/usr/local/texlive/2013/texmf-dist/tex/latex/pdftex-def/pdftex.def
File: pdftex.def 2011/05/27 v0.06d Graphics/color for pdfTeX

(/usr/local/texlive/2013/texmf-dist/tex/generic/oberdiek/infwarerr.sty
Package: infwarerr 2010/04/08 v1.3 Providing info/warning/error messages (HO)
)
(/usr/local/texlive/2013/texmf-dist/tex/generic/oberdiek/ltxcmds.sty
Package: ltxcmds 2011/11/09 v1.22 LaTeX kernel commands for general use (HO)
)
\Gread@gobject=\count107
))
\Gin@req@height=\dimen135
\Gin@req@width=\dimen136
)
(/usr/local/texlive/2013/texmf-dist/tex/latex/tools/verbatim.sty
Package: verbatim 2003/08/22 v1.5q LaTeX2e package for verbatim enhancements
\every@verbatim=\toks20
\verbatim@line=\toks21
\verbatim@in@stream=\read1
)
(/usr/local/texlive/2013/texmf-dist/tex/latex/graphics/color.sty
Package: color 2005/11/14 v1.0j Standard LaTeX Color (DPC)

(/usr/local/texlive/2013/texmf-dist/tex/latex/latexconfig/color.cfg
File: color.cfg 2007/01/18 v1.5 color configuration of teTeX/TeXLive
)
Package color Info: Driver file: pdftex.def on input line 130.
)
(/usr/local/texlive/2013/texmf-dist/tex/latex/subfigure/subfigure.sty
Package: subfigure 2002/03/15 v2.1.5 subfigure package
\subfigtopskip=\skip51
\subfigcapskip=\skip52
\subfigcaptopadj=\dimen137
\subfigbottomskip=\skip53
\subfigcapmargin=\dimen138
\subfiglabelskip=\skip54
\c@subfigure=\count108
\c@lofdepth=\count109
\c@subtable=\count110
\c@lotdepth=\count111

****************************************
* Local config file subfigure.cfg used *
****************************************
(/usr/local/texlive/2013/texmf-dist/tex/latex/subfigure/subfigure.cfg)
\subfig@top=\skip55
\subfig@bottom=\skip56
)
(/usr/local/texlive/2013/texmf-dist/tex/latex/hyperref/hyperref.sty
Package: hyperref 2012/11/06 v6.83m Hypertext links for LaTeX

(/usr/local/texlive/2013/texmf-dist/tex/generic/oberdiek/hobsub-hyperref.sty
Package: hobsub-hyperref 2012/05/28 v1.13 Bundle oberdiek, subset hyperref (HO)


(/usr/local/texlive/2013/texmf-dist/tex/generic/oberdiek/hobsub-generic.sty
Package: hobsub-generic 2012/05/28 v1.13 Bundle oberdiek, subset generic (HO)
Package: hobsub 2012/05/28 v1.13 Construct package bundles (HO)
Package hobsub Info: Skipping package `infwarerr' (already loaded).
Package hobsub Info: Skipping package `ltxcmds' (already loaded).
Package: ifluatex 2010/03/01 v1.3 Provides the ifluatex switch (HO)
Package ifluatex Info: LuaTeX not detected.
Package: ifvtex 2010/03/01 v1.5 Detect VTeX and its facilities (HO)
Package ifvtex Info: VTeX not detected.
Package: intcalc 2007/09/27 v1.1 Expandable calculations with integers (HO)
Package: ifpdf 2011/01/30 v2.3 Provides the ifpdf switch (HO)
Package ifpdf Info: pdfTeX in PDF mode is detected.
Package: etexcmds 2011/02/16 v1.5 Avoid name clashes with e-TeX commands (HO)
Package etexcmds Info: Could not find \expanded.
(etexcmds)             That can mean that you are not using pdfTeX 1.50 or
(etexcmds)             that some package has redefined \expanded.
(etexcmds)             In the latter case, load this package earlier.
Package: kvsetkeys 2012/04/25 v1.16 Key value parser (HO)
Package: kvdefinekeys 2011/04/07 v1.3 Define keys (HO)
Package: pdftexcmds 2011/11/29 v0.20 Utility functions of pdfTeX for LuaTeX (HO
)
Package pdftexcmds Info: LuaTeX not detected.
Package pdftexcmds Info: \pdf@primitive is available.
Package pdftexcmds Info: \pdf@ifprimitive is available.
Package pdftexcmds Info: \pdfdraftmode found.
Package: pdfescape 2011/11/25 v1.13 Implements pdfTeX's escape features (HO)
Package: bigintcalc 2012/04/08 v1.3 Expandable calculations on big integers (HO
)
Package: bitset 2011/01/30 v1.1 Handle bit-vector datatype (HO)
Package: uniquecounter 2011/01/30 v1.2 Provide unlimited unique counter (HO)
)
Package hobsub Info: Skipping package `hobsub' (already loaded).
Package: letltxmacro 2010/09/02 v1.4 Let assignment for LaTeX macros (HO)
Package: hopatch 2012/05/28 v1.2 Wrapper for package hooks (HO)
Package: xcolor-patch 2011/01/30 xcolor patch
Package: atveryend 2011/06/30 v1.8 Hooks at the very end of document (HO)
Package atveryend Info: \enddocument detected (standard20110627).
Package: atbegshi 2011/10/05 v1.16 At begin shipout hook (HO)
Package: refcount 2011/10/16 v3.4 Data extraction from label references (HO)
Package: hycolor 2011/01/30 v1.7 Color options for hyperref/bookmark (HO)
)
(/usr/local/texlive/2013/texmf-dist/tex/generic/ifxetex/ifxetex.sty
Package: ifxetex 2010/09/12 v0.6 Provides ifxetex conditional
)
(/usr/local/texlive/2013/texmf-dist/tex/latex/oberdiek/auxhook.sty
Package: auxhook 2011/03/04 v1.3 Hooks for auxiliary files (HO)
)
(/usr/local/texlive/2013/texmf-dist/tex/latex/oberdiek/kvoptions.sty
Package: kvoptions 2011/06/30 v3.11 Key value format for package options (HO)
)
\@linkdim=\dimen139
\Hy@linkcounter=\count112
\Hy@pagecounter=\count113

(/usr/local/texlive/2013/texmf-dist/tex/latex/hyperref/pd1enc.def
File: pd1enc.def 2012/11/06 v6.83m Hyperref: PDFDocEncoding definition (HO)
)
\Hy@SavedSpaceFactor=\count114

(/usr/local/texlive/2013/texmf-dist/tex/latex/latexconfig/hyperref.cfg
File: hyperref.cfg 2002/06/06 v1.2 hyperref configuration of TeXLive
)
Package hyperref Info: Option `bookmarks' set `true' on input line 4319.
Package hyperref Info: Option `bookmarksopen' set `true' on input line 4319.
Package hyperref Info: Option `bookmarksnumbered' set `true' on input line 4319
.
Package hyperref Info: Option `hypertexnames' set `false' on input line 4319.
Package hyperref Info: Option `colorlinks' set `true' on input line 4319.
Package hyperref Info: Option `unicode' set `true' on input line 4319.

(/usr/local/texlive/2013/texmf-dist/tex/latex/hyperref/puenc.def
File: puenc.def 2012/11/06 v6.83m Hyperref: PDF Unicode definition (HO)
)
Package hyperref Info: Option `breaklinks' set `true' on input line 4319.
Package hyperref Info: Hyper figures OFF on input line 4443.
Package hyperref Info: Link nesting OFF on input line 4448.
Package hyperref Info: Hyper index ON on input line 4451.
Package hyperref Info: Plain pages OFF on input line 4458.
Package hyperref Info: Backreferencing OFF on input line 4463.
Package hyperref Info: Implicit mode ON; LaTeX internals redefined.
Package hyperref Info: Bookmarks ON on input line 4688.
\c@Hy@tempcnt=\count115

(/usr/local/texlive/2013/texmf-dist/tex/latex/url/url.sty
\Urlmuskip=\muskip11
Package: url 2006/04/12  ver 3.3  Verb mode for urls, etc.
)
LaTeX Info: Redefining \url on input line 5041.
\XeTeXLinkMargin=\dimen140
\Fld@menulength=\count116
\Field@Width=\dimen141
\Fld@charsize=\dimen142
Package hyperref Info: Hyper figures OFF on input line 6295.
Package hyperref Info: Link nesting OFF on input line 6300.
Package hyperref Info: Hyper index ON on input line 6303.
Package hyperref Info: backreferencing OFF on input line 6310.
Package hyperref Info: Link coloring ON on input line 6313.
Package hyperref Info: Link coloring with OCG OFF on input line 6320.
Package hyperref Info: PDF/A mode OFF on input line 6325.
LaTeX Info: Redefining \ref on input line 6365.
LaTeX Info: Redefining \pageref on input line 6369.
\Hy@abspage=\count117
\c@Item=\count118
\c@Hfootnote=\count119
)

Package hyperref Message: Driver (autodetected): hpdftex.

(/usr/local/texlive/2013/texmf-dist/tex/latex/hyperref/hpdftex.def
File: hpdftex.def 2012/11/06 v6.83m Hyperref driver for pdfTeX
\Fld@listcount=\count120
\c@bookmark@seq@number=\count121

(/usr/local/texlive/2013/texmf-dist/tex/latex/oberdiek/rerunfilecheck.sty
Package: rerunfilecheck 2011/04/15 v1.7 Rerun checks for auxiliary files (HO)
Package uniquecounter Info: New unique counter `rerunfilecheck' on input line 2
82.
)
\Hy@SectionHShift=\skip57
)
Package hyperref Info: Option `colorlinks' set `true' on input line 34.

(./HW4_High_Resolution_shock_capturing_methods.aux

LaTeX Warning: Label `fig:Figures_plot2p1_n_is_80' multiply defined.


LaTeX Warning: Label `sub@fig:Figures_plot2p1_n_is_80' multiply defined.


LaTeX Warning: Label `fig:Figures_plot2p1_n_is_80_a_2' multiply defined.


LaTeX Warning: Label `sub@fig:Figures_plot2p1_n_is_80_a_2' multiply defined.

)
\openout1 = `HW4_High_Resolution_shock_capturing_methods.aux'.

LaTeX Font Info:    Checking defaults for OML/cmm/m/it on input line 51.
LaTeX Font Info:    ... okay on input line 51.
LaTeX Font Info:    Checking defaults for T1/cmr/m/n on input line 51.
LaTeX Font Info:    ... okay on input line 51.
LaTeX Font Info:    Checking defaults for OT1/cmr/m/n on input line 51.
LaTeX Font Info:    ... okay on input line 51.
LaTeX Font Info:    Checking defaults for OMS/cmsy/m/n on input line 51.
LaTeX Font Info:    ... okay on input line 51.
LaTeX Font Info:    Checking defaults for OMX/cmex/m/n on input line 51.
LaTeX Font Info:    ... okay on input line 51.
LaTeX Font Info:    Checking defaults for U/cmr/m/n on input line 51.
LaTeX Font Info:    ... okay on input line 51.
LaTeX Font Info:    Checking defaults for PD1/pdf/m/n on input line 51.
LaTeX Font Info:    ... okay on input line 51.
LaTeX Font Info:    Checking defaults for PU/pdf/m/n on input line 51.
LaTeX Font Info:    ... okay on input line 51.
 (/usr/local/texlive/2013/texmf-dist/tex/context/base/supp-pdf.mkii
[Loading MPS to PDF converter (version 2006.09.02).]
\scratchcounter=\count122
\scratchdimen=\dimen143
\scratchbox=\box28
\nofMPsegments=\count123
\nofMParguments=\count124
\everyMPshowfont=\toks22
\MPscratchCnt=\count125
\MPscratchDim=\dimen144
\MPnumerator=\count126
\makeMPintoPDFobject=\count127
\everyMPtoPDFconversion=\toks23
) (/usr/local/texlive/2013/texmf-dist/tex/latex/oberdiek/epstopdf-base.sty
Package: epstopdf-base 2010/02/09 v2.5 Base part for package epstopdf

(/usr/local/texlive/2013/texmf-dist/tex/latex/oberdiek/grfext.sty
Package: grfext 2010/08/19 v1.1 Manage graphics extensions (HO)
)
Package grfext Info: Graphics extension search list:
(grfext)             [.png,.pdf,.jpg,.mps,.jpeg,.jbig2,.jb2,.PNG,.PDF,.JPG,.JPE
G,.JBIG2,.JB2,.eps]
(grfext)             \AppendGraphicsExtensions on input line 452.

(/usr/local/texlive/2013/texmf-dist/tex/latex/latexconfig/epstopdf-sys.cfg
File: epstopdf-sys.cfg 2010/07/13 v1.3 Configuration of (r)epstopdf for TeX Liv
e
))
\AtBeginShipoutBox=\box29
Package hyperref Info: Link coloring ON on input line 51.

(/usr/local/texlive/2013/texmf-dist/tex/latex/hyperref/nameref.sty
Package: nameref 2012/10/27 v2.43 Cross-referencing by name of section

(/usr/local/texlive/2013/texmf-dist/tex/generic/oberdiek/gettitlestring.sty
Package: gettitlestring 2010/12/03 v1.4 Cleanup title references (HO)
)
\c@section@level=\count128
)
LaTeX Info: Redefining \ref on input line 51.
LaTeX Info: Redefining \pageref on input line 51.
LaTeX Info: Redefining \nameref on input line 51.

(./HW4_High_Resolution_shock_capturing_methods.out)
(./HW4_High_Resolution_shock_capturing_methods.out)
\@outlinefile=\write3
\openout3 = `HW4_High_Resolution_shock_capturing_methods.out'.

 (./Sections/Section1.tex)
(./Sections/Section2.tex [1

{/usr/local/texlive/2013/texmf-var/fonts/map/pdftex/updmap/pdftex.map}]
Package epstopdf Info: Source file: <Figures/plot2p1_n_is_80.eps>
(epstopdf)                    date: 2014-05-05 16:27:19
(epstopdf)                    size: 10070 bytes
(epstopdf)             Output file: <Figures/plot2p1_n_is_80-eps-converted-to.p
df>
(epstopdf)                    date: 2014-05-05 16:29:18
(epstopdf)                    size: 6919 bytes
(epstopdf)             Command: <repstopdf --outfile=Figures/plot2p1_n_is_80-ep
s-converted-to.pdf Figures/plot2p1_n_is_80.eps>
(epstopdf)             \includegraphics on input line 23.
Package epstopdf Info: Output file is already uptodate.

<Figures/plot2p1_n_is_80-eps-converted-to.pdf, id=58, 485.815pt x 384.43625pt>
File: Figures/plot2p1_n_is_80-eps-converted-to.pdf Graphic file (type pdf)

<use Figures/plot2p1_n_is_80-eps-converted-to.pdf>
Package pdftex.def Info: Figures/plot2p1_n_is_80-eps-converted-to.pdf used on i
nput line 23.
(pdftex.def)             Requested size: 217.42265pt x 172.05028pt.
Package epstopdf Info: Source file: <Figures/plot2p1_n_is_160.eps>
(epstopdf)                    date: 2014-05-05 16:27:20
(epstopdf)                    size: 10990 bytes
(epstopdf)             Output file: <Figures/plot2p1_n_is_160-eps-converted-to.
pdf>
(epstopdf)                    date: 2014-05-05 16:29:19
(epstopdf)                    size: 7520 bytes
(epstopdf)             Command: <repstopdf --outfile=Figures/plot2p1_n_is_160-e
ps-converted-to.pdf Figures/plot2p1_n_is_160.eps>
(epstopdf)             \includegraphics on input line 25.
Package epstopdf Info: Output file is already uptodate.

<Figures/plot2p1_n_is_160-eps-converted-to.pdf, id=59, 485.815pt x 384.43625pt>
File: Figures/plot2p1_n_is_160-eps-converted-to.pdf Graphic file (type pdf)
<use Figures/plot2p1_n_is_160-eps-converted-to.pdf>
Package pdftex.def Info: Figures/plot2p1_n_is_160-eps-converted-to.pdf used on 
input line 25.
(pdftex.def)             Requested size: 217.42265pt x 172.05028pt.
Package epstopdf Info: Source file: <Figures/plot2p1_n_is_320.eps>
(epstopdf)                    date: 2014-05-05 16:27:20
(epstopdf)                    size: 12883 bytes
(epstopdf)             Output file: <Figures/plot2p1_n_is_320-eps-converted-to.
pdf>
(epstopdf)                    date: 2014-05-05 16:30:20
(epstopdf)                    size: 8666 bytes
(epstopdf)             Command: <repstopdf --outfile=Figures/plot2p1_n_is_320-e
ps-converted-to.pdf Figures/plot2p1_n_is_320.eps>
(epstopdf)             \includegraphics on input line 27.
Package epstopdf Info: Output file is already uptodate.

<Figures/plot2p1_n_is_320-eps-converted-to.pdf, id=60, 485.815pt x 384.43625pt>
File: Figures/plot2p1_n_is_320-eps-converted-to.pdf Graphic file (type pdf)
<use Figures/plot2p1_n_is_320-eps-converted-to.pdf>
Package pdftex.def Info: Figures/plot2p1_n_is_320-eps-converted-to.pdf used on 
input line 27.
(pdftex.def)             Requested size: 217.42265pt x 172.05028pt.
 [2 <./Figures/plot2p1_n_is_80-eps-converted-to.pdf> <./Figures/plot2p1_n_is_16
0-eps-converted-to.pdf> <./Figures/plot2p1_n_is_320-eps-converted-to.pdf>]
Package epstopdf Info: Source file: <Figures/plot2p1_n_is_80_a_2.eps>
(epstopdf)                    date: 2014-05-05 16:38:42
(epstopdf)                    size: 10411 bytes
(epstopdf)             Output file: <Figures/plot2p1_n_is_80_a_2-eps-converted-
to.pdf>
(epstopdf)                    date: 2014-05-05 16:40:23
(epstopdf)                    size: 7033 bytes
(epstopdf)             Command: <repstopdf --outfile=Figures/plot2p1_n_is_80_a_
2-eps-converted-to.pdf Figures/plot2p1_n_is_80_a_2.eps>
(epstopdf)             \includegraphics on input line 45.
Package epstopdf Info: Output file is already uptodate.

<Figures/plot2p1_n_is_80_a_2-eps-converted-to.pdf, id=92, 480.79625pt x 384.436
25pt>
File: Figures/plot2p1_n_is_80_a_2-eps-converted-to.pdf Graphic file (type pdf)
 <use Figures/plot2p1_n_is_80_a_2-eps-converted-to.pdf>
Package pdftex.def Info: Figures/plot2p1_n_is_80_a_2-eps-converted-to.pdf used 
on input line 45.
(pdftex.def)             Requested size: 217.42265pt x 173.85115pt.
Package epstopdf Info: Source file: <Figures/plot2p1_n_is_160_a_2.eps>
(epstopdf)                    date: 2014-05-05 16:38:43
(epstopdf)                    size: 11309 bytes
(epstopdf)             Output file: <Figures/plot2p1_n_is_160_a_2-eps-converted
-to.pdf>
(epstopdf)                    date: 2014-05-05 16:40:24
(epstopdf)                    size: 7691 bytes
(epstopdf)             Command: <repstopdf --outfile=Figures/plot2p1_n_is_160_a
_2-eps-converted-to.pdf Figures/plot2p1_n_is_160_a_2.eps>
(epstopdf)             \includegraphics on input line 47.
Package epstopdf Info: Output file is already uptodate.

<Figures/plot2p1_n_is_160_a_2-eps-converted-to.pdf, id=93, 480.79625pt x 384.43
625pt>
File: Figures/plot2p1_n_is_160_a_2-eps-converted-to.pdf Graphic file (type pdf)

 <use Figures/plot2p1_n_is_160_a_2-eps-converted-to.pdf>
Package pdftex.def Info: Figures/plot2p1_n_is_160_a_2-eps-converted-to.pdf used
 on input line 47.
(pdftex.def)             Requested size: 217.42265pt x 173.85115pt.
Package epstopdf Info: Source file: <Figures/plot2p1_n_is_320_a_2.eps>
(epstopdf)                    date: 2014-05-05 16:38:44
(epstopdf)                    size: 13086 bytes
(epstopdf)             Output file: <Figures/plot2p1_n_is_320_a_2-eps-converted
-to.pdf>
(epstopdf)                    date: 2014-05-05 16:40:25
(epstopdf)                    size: 8921 bytes
(epstopdf)             Command: <repstopdf --outfile=Figures/plot2p1_n_is_320_a
_2-eps-converted-to.pdf Figures/plot2p1_n_is_320_a_2.eps>
(epstopdf)             \includegraphics on input line 49.
Package epstopdf Info: Output file is already uptodate.

<Figures/plot2p1_n_is_320_a_2-eps-converted-to.pdf, id=94, 480.79625pt x 384.43
625pt>
File: Figures/plot2p1_n_is_320_a_2-eps-converted-to.pdf Graphic file (type pdf)

 <use Figures/plot2p1_n_is_320_a_2-eps-converted-to.pdf>
Package pdftex.def Info: Figures/plot2p1_n_is_320_a_2-eps-converted-to.pdf used
 on input line 49.
(pdftex.def)             Requested size: 217.42265pt x 173.85115pt.
)
(./Sections/Section221.tex [3 <./Figures/plot2p1_n_is_80_a_2-eps-converted-to.p
df> <./Figures/plot2p1_n_is_160_a_2-eps-converted-to.pdf> <./Figures/plot2p1_n_
is_320_a_2-eps-converted-to.pdf>]) (./Sections/Section222.tex
Package epstopdf Info: Source file: <Figures/steadySolutionsp1_n_is_80_a_0.eps>

(epstopdf)                    date: 2014-05-07 23:25:56
(epstopdf)                    size: 11463 bytes
(epstopdf)             Output file: <Figures/steadySolutionsp1_n_is_80_a_0-eps-
converted-to.pdf>
(epstopdf)                    date: 2014-05-07 23:28:32
(epstopdf)                    size: 7570 bytes
(epstopdf)             Command: <repstopdf --outfile=Figures/steadySolutionsp1_
n_is_80_a_0-eps-converted-to.pdf Figures/steadySolutionsp1_n_is_80_a_0.eps>
(epstopdf)             \includegraphics on input line 23.
Package epstopdf Info: Output file is already uptodate.

<Figures/steadySolutionsp1_n_is_80_a_0-eps-converted-to.pdf, id=121, 480.79625p
t x 383.4325pt>
File: Figures/steadySolutionsp1_n_is_80_a_0-eps-converted-to.pdf Graphic file (
type pdf)

<use Figures/steadySolutionsp1_n_is_80_a_0-eps-converted-to.pdf>
Package pdftex.def Info: Figures/steadySolutionsp1_n_is_80_a_0-eps-converted-to
.pdf used on input line 23.
(pdftex.def)             Requested size: 321.61024pt x 256.48889pt.
Package epstopdf Info: Source file: <Figures/critical_c2817_p1_n_is_80_a_0.eps>

(epstopdf)                    date: 2014-05-07 23:50:53
(epstopdf)                    size: 11441 bytes
(epstopdf)             Output file: <Figures/critical_c2817_p1_n_is_80_a_0-eps-
converted-to.pdf>
(epstopdf)                    date: 2014-05-08 17:51:48
(epstopdf)                    size: 7610 bytes
(epstopdf)             Command: <repstopdf --outfile=Figures/critical_c2817_p1_
n_is_80_a_0-eps-converted-to.pdf Figures/critical_c2817_p1_n_is_80_a_0.eps>
(epstopdf)             \includegraphics on input line 29.
Package epstopdf Info: Output file is already uptodate.

<Figures/critical_c2817_p1_n_is_80_a_0-eps-converted-to.pdf, id=122, 480.79625p
t x 383.4325pt>
File: Figures/critical_c2817_p1_n_is_80_a_0-eps-converted-to.pdf Graphic file (
type pdf)

<use Figures/critical_c2817_p1_n_is_80_a_0-eps-converted-to.pdf>
Package pdftex.def Info: Figures/critical_c2817_p1_n_is_80_a_0-eps-converted-to
.pdf used on input line 29.
(pdftex.def)             Requested size: 321.61024pt x 256.48889pt.
Package epstopdf Info: Source file: <Figures/critical_c3444_p1_n_is_80_a_0.eps>

(epstopdf)                    date: 2014-05-07 23:56:55
(epstopdf)                    size: 11450 bytes
(epstopdf)             Output file: <Figures/critical_c3444_p1_n_is_80_a_0-eps-
converted-to.pdf>
(epstopdf)                    date: 2014-05-08 17:51:49
(epstopdf)                    size: 7652 bytes
(epstopdf)             Command: <repstopdf --outfile=Figures/critical_c3444_p1_
n_is_80_a_0-eps-converted-to.pdf Figures/critical_c3444_p1_n_is_80_a_0.eps>
(epstopdf)             \includegraphics on input line 35.
Package epstopdf Info: Output file is already uptodate.

<Figures/critical_c3444_p1_n_is_80_a_0-eps-converted-to.pdf, id=123, 480.79625p
t x 383.4325pt>
File: Figures/critical_c3444_p1_n_is_80_a_0-eps-converted-to.pdf Graphic file (
type pdf)

<use Figures/critical_c3444_p1_n_is_80_a_0-eps-converted-to.pdf>
Package pdftex.def Info: Figures/critical_c3444_p1_n_is_80_a_0-eps-converted-to
.pdf used on input line 35.
(pdftex.def)             Requested size: 321.61024pt x 256.48889pt.
)
(./Sections/Section223.tex)
No file HW4_High_Resolution_shock_capturing_methods.bbl.
Package atveryend Info: Empty hook `BeforeClearDocument' on input line 66.
[4 <./Figures/steadySolutionsp1_n_is_80_a_0-eps-converted-to.pdf>] [5 <./Figure
s/critical_c2817_p1_n_is_80_a_0-eps-converted-to.pdf> <./Figures/critical_c3444
_p1_n_is_80_a_0-eps-converted-to.pdf>]
Package atveryend Info: Empty hook `AfterLastShipout' on input line 66.

(./HW4_High_Resolution_shock_capturing_methods.aux)
Package atveryend Info: Executing hook `AtVeryEndDocument' on input line 66.
Package atveryend Info: Executing hook `AtEndAfterFileList' on input line 66.
Package rerunfilecheck Info: File `HW4_High_Resolution_shock_capturing_methods.
out' has not changed.
(rerunfilecheck)             Checksum: 06ED35BD79B7F4F58DEDE466EA5B3584;1721.


LaTeX Warning: There were multiply-defined labels.

Package atveryend Info: Empty hook `AtVeryVeryEnd' on input line 66.
 ) 
Here is how much of TeX's memory you used:
 9960 strings out of 493315
 142831 string characters out of 6137904
 219872 words of memory out of 5000000
 13280 multiletter control sequences out of 15000+600000
 9023 words of font info for 33 fonts, out of 8000000 for 9000
 957 hyphenation exceptions out of 8191
 29i,16n,28p,538b,499s stack positions out of 5000i,500n,10000p,200000b,80000s
</usr/local/texlive/2013/texmf-dist/fonts/type1/public/amsfonts/cm/cmbx10.pfb
></usr/local/texlive/2013/texmf-dist/fonts/type1/public/amsfonts/cm/cmbx12.pfb>
</usr/local/texlive/2013/texmf-dist/fonts/type1/public/amsfonts/cm/cmex10.pfb><
/usr/local/texlive/2013/texmf-dist/fonts/type1/public/amsfonts/cm/cmmi10.pfb></
usr/local/texlive/2013/texmf-dist/fonts/type1/public/amsfonts/cm/cmmi5.pfb></us
r/local/texlive/2013/texmf-dist/fonts/type1/public/amsfonts/cm/cmmi7.pfb></usr/
local/texlive/2013/texmf-dist/fonts/type1/public/amsfonts/cm/cmmi8.pfb></usr/lo
cal/texlive/2013/texmf-dist/fonts/type1/public/amsfonts/cm/cmr10.pfb></usr/loca
l/texlive/2013/texmf-dist/fonts/type1/public/amsfonts/cm/cmr12.pfb></usr/local/
texlive/2013/texmf-dist/fonts/type1/public/amsfonts/cm/cmr17.pfb></usr/local/te
xlive/2013/texmf-dist/fonts/type1/public/amsfonts/cm/cmr5.pfb></usr/local/texli
ve/2013/texmf-dist/fonts/type1/public/amsfonts/cm/cmr7.pfb></usr/local/texlive/
2013/texmf-dist/fonts/type1/public/amsfonts/cm/cmr8.pfb></usr/local/texlive/201
3/texmf-dist/fonts/type1/public/amsfonts/cm/cmsy10.pfb></usr/local/texlive/2013
/texmf-dist/fonts/type1/public/amsfonts/cm/cmsy7.pfb>
Output written on HW4_High_Resolution_shock_capturing_methods.pdf (5 pages, 203
554 bytes).
PDF statistics:
 208 PDF objects out of 1000 (max. 8388607)
 166 compressed objects within 2 object streams
 33 named destinations out of 1000 (max. 500000)
 102 words of extra memory for PDF output out of 10000 (max. 10000000)

